<?xml version="1.0" encoding="UTF-8"?>
<!-- Generated by org.testng.reporters.JUnitXMLReporter -->
<testsuite hostname="DOROTHY_J" name="Run on Firefox2" tests="10" failures="0" timestamp="5 Jul 2012 13:55:47 GMT" time="372.187" errors="0">
  <testcase name="testAccessoriesProducts on null(com.photon.phresco.testcases.ProductsTestSuite)" time="112.516" classname="com.photon.phresco.testcases.ProductsTestSuite"/>
  <testcase name="testAudioDevicesProducts on null(com.photon.phresco.testcases.ProductsTestSuite)" time="92.687" classname="com.photon.phresco.testcases.ProductsTestSuite"/>
  <testcase name="testCameraAddcartProducts on null(com.photon.phresco.testcases.ProductsTestSuite)" time="21.375" classname="com.photon.phresco.testcases.ProductsTestSuite"/>
  <testcase name="testComputersAddcartProducts on null(com.photon.phresco.testcases.ProductsTestSuite)" time="19.328" classname="com.photon.phresco.testcases.ProductsTestSuite"/>
  <testcase name="testMP3PlayersAddcartProducts on null(com.photon.phresco.testcases.ProductsTestSuite)" time="17.532" classname="com.photon.phresco.testcases.ProductsTestSuite"/>
  <testcase name="testMobilesPhonesAddcartProducts on null(com.photon.phresco.testcases.ProductsTestSuite)" time="17.828" classname="com.photon.phresco.testcases.ProductsTestSuite"/>
  <testcase name="testMoviesMusicAddcartProducts on null(com.photon.phresco.testcases.ProductsTestSuite)" time="17.812" classname="com.photon.phresco.testcases.ProductsTestSuite"/>
  <testcase name="testTabletsAddcartProducts on null(com.photon.phresco.testcases.ProductsTestSuite)" time="18.297" classname="com.photon.phresco.testcases.ProductsTestSuite"/>
  <testcase name="testTelevisionAddcartProducts on null(com.photon.phresco.testcases.ProductsTestSuite)" time="17.766" classname="com.photon.phresco.testcases.ProductsTestSuite"/>
  <testcase name="testVideoGamesAddcartProducts on null(com.photon.phresco.testcases.ProductsTestSuite)" time="18.218" classname="com.photon.phresco.testcases.ProductsTestSuite"/>
</testsuite>
