<?xml version="1.0" encoding="UTF-8"?>
<!-- Generated by org.testng.reporters.JUnitXMLReporter -->
<testsuite hostname="DOROTHY_J" name="Run on Firefox1" tests="10" failures="0" timestamp="5 Jul 2012 13:52:13 GMT" time="156.766" errors="0">
  <testcase name="testAccessoriesProducts on null(com.photon.phresco.testcases.ProductsTestSuite)" time="19.172" classname="com.photon.phresco.testcases.ProductsTestSuite"/>
  <testcase name="testAudioDevicesProducts on null(com.photon.phresco.testcases.ProductsTestSuite)" time="18.406" classname="com.photon.phresco.testcases.ProductsTestSuite"/>
  <testcase name="testCameraAddcartProducts on null(com.photon.phresco.testcases.ProductsTestSuite)" time="13.766" classname="com.photon.phresco.testcases.ProductsTestSuite"/>
  <testcase name="testComputersAddcartProducts on null(com.photon.phresco.testcases.ProductsTestSuite)" time="14.016" classname="com.photon.phresco.testcases.ProductsTestSuite"/>
  <testcase name="testMP3PlayersAddcartProducts on null(com.photon.phresco.testcases.ProductsTestSuite)" time="14.281" classname="com.photon.phresco.testcases.ProductsTestSuite"/>
  <testcase name="testMobilesPhonesAddcartProducts on null(com.photon.phresco.testcases.ProductsTestSuite)" time="13.906" classname="com.photon.phresco.testcases.ProductsTestSuite"/>
  <testcase name="testMoviesMusicAddcartProducts on null(com.photon.phresco.testcases.ProductsTestSuite)" time="12.922" classname="com.photon.phresco.testcases.ProductsTestSuite"/>
  <testcase name="testTabletsAddcartProducts on null(com.photon.phresco.testcases.ProductsTestSuite)" time="14.0" classname="com.photon.phresco.testcases.ProductsTestSuite"/>
  <testcase name="testTelevisionAddcartProducts on null(com.photon.phresco.testcases.ProductsTestSuite)" time="13.797" classname="com.photon.phresco.testcases.ProductsTestSuite"/>
  <testcase name="testVideoGamesAddcartProducts on null(com.photon.phresco.testcases.ProductsTestSuite)" time="13.484" classname="com.photon.phresco.testcases.ProductsTestSuite"/>
</testsuite>
