<?xml version="1.0" encoding="UTF-8"?>
<!-- Generated by org.testng.reporters.JUnitXMLReporter -->
<testsuite hostname="PRADEEP_SI" name="test1" tests="2" failures="0" timestamp="4 Jul 2012 06:31:41 GMT" time="0.032" errors="0">
  <testcase name="@BeforeTest browserLaunching" time="0.0" classname="com.photon.phresco.testcases.AccessoriesAddcart">
    <failure type="java.lang.NullPointerException">
      <![CDATA[java.lang.NullPointerException
	at com.photon.phresco.testcases.AccessoriesAddcart.browserLaunching(AccessoriesAddcart.java:33)
	at java.util.concurrent.FutureTask$Sync.innerRun(FutureTask.java:303)
	at java.util.concurrent.FutureTask.run(FutureTask.java:138)
	at java.util.concurrent.ThreadPoolExecutor$Worker.runTask(ThreadPoolExecutor.java:886)
	at java.util.concurrent.ThreadPoolExecutor$Worker.run(ThreadPoolExecutor.java:908)
	at java.lang.Thread.run(Thread.java:662)
... Removed 14 stack frames]]>
    </failure>
  </testcase> <!-- @BeforeTest browserLaunching -->
  <testcase name="@BeforeClass setUp" time="0.0" classname="com.photon.phresco.testcases.AccessoriesAddcart">
    <skipped/>
  </testcase> <!-- @BeforeClass setUp -->
  <testcase name="@AfterTest tearDown" time="0.0" classname="com.photon.phresco.testcases.AccessoriesAddcart">
    <skipped/>
  </testcase> <!-- @AfterTest tearDown -->
  <testcase name="testAccessories" time="0.016" classname="com.photon.phresco.testcases.AccessoriesAddcart">
    <skipped/>
  </testcase> <!-- testAccessories -->
  <testcase name="testAudioDevices" time="0.0" classname="com.photon.phresco.testcases.AccessoriesAddcart">
    <skipped/>
  </testcase> <!-- testAudioDevices -->
</testsuite> <!-- test1 -->
