<?xml version="1.0" encoding="UTF-8"?>
<!-- Generated by org.testng.reporters.JUnitXMLReporter -->
<testsuite hostname="DOROTHY_J" name="VerifyLoginOnChrome" tests="3" failures="0" timestamp="9 Jul 2012 09:44:13 GMT" time="18.875" errors="0">
  <testcase name="testEmptyLogin on null(com.photon.phresco.testcases.LoginTestCase)" time="5.484" classname="com.photon.phresco.testcases.LoginTestCase"/>
  <testcase name="testInvalidLogin on null(com.photon.phresco.testcases.LoginTestCase)" time="4.703" classname="com.photon.phresco.testcases.LoginTestCase"/>
  <testcase name="testValidLogin on null(com.photon.phresco.testcases.LoginTestCase)" time="4.625" classname="com.photon.phresco.testcases.LoginTestCase"/>
</testsuite>
