<?xml version="1.0" encoding="UTF-8"?>
<!-- Generated by org.testng.reporters.JUnitXMLReporter -->
<testsuite hostname="DOROTHY_J" name="VerifyLoginOnFirefox" tests="3" failures="0" timestamp="9 Jul 2012 09:44:43 GMT" time="49.485" errors="0">
  <testcase name="testEmptyLogin on null(com.photon.phresco.testcases.LoginTestCase)" time="7.187" classname="com.photon.phresco.testcases.LoginTestCase"/>
  <testcase name="testInvalidLogin on null(com.photon.phresco.testcases.LoginTestCase)" time="13.829" classname="com.photon.phresco.testcases.LoginTestCase"/>
  <testcase name="testValidLogin on null(com.photon.phresco.testcases.LoginTestCase)" time="16.015" classname="com.photon.phresco.testcases.LoginTestCase"/>
</testsuite>
