<?xml version="1.0" encoding="UTF-8"?>
<!-- Generated by org.testng.reporters.JUnitXMLReporter -->
<testsuite hostname="DOROTHY_J" name="VerifyRegistrationOnChrome" tests="3" failures="0" timestamp="9 Jul 2012 09:42:54 GMT" time="15.484" errors="0">
  <testcase name="testEmptyRegistration on null(com.photon.phresco.testcases.RegistrationTestCase)" time="4.25" classname="com.photon.phresco.testcases.RegistrationTestCase"/>
  <testcase name="testInvalidRegistration on null(com.photon.phresco.testcases.RegistrationTestCase)" time="2.484" classname="com.photon.phresco.testcases.RegistrationTestCase"/>
  <testcase name="testValidRegistration on null(com.photon.phresco.testcases.RegistrationTestCase)" time="2.375" classname="com.photon.phresco.testcases.RegistrationTestCase"/>
</testsuite>
