<?xml version="1.0" encoding="UTF-8"?>
<!-- Generated by org.testng.reporters.JUnitXMLReporter -->
<testsuite hostname="DOROTHY_J" name="VerifyRegistrationOnFirefox" tests="3" failures="0" timestamp="9 Jul 2012 09:43:54 GMT" time="75.75" errors="0">
  <testcase name="testEmptyRegistration on null(com.photon.phresco.testcases.RegistrationTestCase)" time="22.469" classname="com.photon.phresco.testcases.RegistrationTestCase"/>
  <testcase name="testInvalidRegistration on null(com.photon.phresco.testcases.RegistrationTestCase)" time="35.094" classname="com.photon.phresco.testcases.RegistrationTestCase"/>
  <testcase name="testValidRegistration on null(com.photon.phresco.testcases.RegistrationTestCase)" time="5.422" classname="com.photon.phresco.testcases.RegistrationTestCase"/>
</testsuite>
