<?xml version="1.0" encoding="UTF-8"?>
<!-- Generated by org.testng.reporters.JUnitXMLReporter -->
<testsuite hostname="DOROTHY_J" name="VerifyProdChkOutOnChrome" tests="10" failures="0" timestamp="9 Jul 2012 09:40:12 GMT" time="156.375" errors="0">
  <testcase name="testAccessoriesProducts on null(com.photon.phresco.testcases.ProductsCheckOutTestCase)" time="21.344" classname="com.photon.phresco.testcases.ProductsCheckOutTestCase"/>
  <testcase name="testAudioDevicesProducts on null(com.photon.phresco.testcases.ProductsCheckOutTestCase)" time="17.938" classname="com.photon.phresco.testcases.ProductsCheckOutTestCase"/>
  <testcase name="testCameraAddcartProducts on null(com.photon.phresco.testcases.ProductsCheckOutTestCase)" time="16.672" classname="com.photon.phresco.testcases.ProductsCheckOutTestCase"/>
  <testcase name="testComputersAddcartProducts on null(com.photon.phresco.testcases.ProductsCheckOutTestCase)" time="14.718" classname="com.photon.phresco.testcases.ProductsCheckOutTestCase"/>
  <testcase name="testMP3PlayersAddcartProducts on null(com.photon.phresco.testcases.ProductsCheckOutTestCase)" time="14.141" classname="com.photon.phresco.testcases.ProductsCheckOutTestCase"/>
  <testcase name="testMobilesPhonesAddcartProducts on null(com.photon.phresco.testcases.ProductsCheckOutTestCase)" time="13.344" classname="com.photon.phresco.testcases.ProductsCheckOutTestCase"/>
  <testcase name="testMoviesMusicAddcartProducts on null(com.photon.phresco.testcases.ProductsCheckOutTestCase)" time="12.297" classname="com.photon.phresco.testcases.ProductsCheckOutTestCase"/>
  <testcase name="testTabletsAddcartProducts on null(com.photon.phresco.testcases.ProductsCheckOutTestCase)" time="11.843" classname="com.photon.phresco.testcases.ProductsCheckOutTestCase"/>
  <testcase name="testTelevisionAddcartProducts on null(com.photon.phresco.testcases.ProductsCheckOutTestCase)" time="11.75" classname="com.photon.phresco.testcases.ProductsCheckOutTestCase"/>
  <testcase name="testVideoGamesAddcartProducts on null(com.photon.phresco.testcases.ProductsCheckOutTestCase)" time="11.594" classname="com.photon.phresco.testcases.ProductsCheckOutTestCase"/>
</testsuite>
